<?xml version="1.0" encoding="UTF-8"?>
<testsuites>
  <testsuite id="0" name="C:\projects\ROX\HN-Core-Frontend\npm\packages\utils\src\web-component\__test__\web-component.spec.tsx" errors="0" package="C:\projects\ROX\HN-Core-Frontend\npm\packages\utils\src\web-component\__test__\web-component.spec.tsx" hostname="localhost" tests="1" failures="0" time="3.035" timestamp="2020-02-27T08:13:20">
    <properties>
    </properties>
    <testcase classname="Git når en withstore brukes" name="Skal ett element har state inni seg:" time="0">
    </testcase>
    <system-out/>
    <system-err/>
  </testsuite>
</testsuites>